<?xml version="1.0" encoding="UTF-8"?>
<testsuite name="com.menudado.ui.MenuCardUiStateTest" tests="13" skipped="0" failures="0" errors="0" timestamp="2026-06-05T13:50:28" hostname="NTTD-WTJX6J54P1" time="0.025">
  <properties/>
  <testcase name="cabecera reduce el bloque de marca un quince por ciento" classname="com.menudado.ui.MenuCardUiStateTest" time="0.018"/>
  <testcase name="onboarding explica los usos principales y recuerda el perfil alimentario" classname="com.menudado.ui.MenuCardUiStateTest" time="0.004"/>
  <testcase name="onboarding permite avanzar y retroceder con swipe horizontal" classname="com.menudado.ui.MenuCardUiStateTest" time="0.001"/>
  <testcase name="muestra calorias solo despues del analisis IA" classname="com.menudado.ui.MenuCardUiStateTest" time="0.0"/>
  <testcase name="usa iconos distintos para ver y ocultar menu" classname="com.menudado.ui.MenuCardUiStateTest" time="0.001"/>
  <testcase name="acerca de la app muestra motivo creador y version" classname="com.menudado.ui.MenuCardUiStateTest" time="0.0"/>
  <testcase name="cabecera pone la marca al lado del menu sin espacio superior extra" classname="com.menudado.ui.MenuCardUiStateTest" time="0.0"/>
  <testcase name="tocar el menu expandido lo colapsa" classname="com.menudado.ui.MenuCardUiStateTest" time="0.0"/>
  <testcase name="tocar un menu cerrado lo convierte en el unico expandido" classname="com.menudado.ui.MenuCardUiStateTest" time="0.0"/>
  <testcase name="muestra chip de analisis en cabecera cuando la tarjeta esta colapsada" classname="com.menudado.ui.MenuCardUiStateTest" time="0.0"/>
  <testcase name="cabecera compensa margen interno del wordmark para alinearlo con el subtitulo" classname="com.menudado.ui.MenuCardUiStateTest" time="0.001"/>
  <testcase name="cabecera acerca el subtitulo al wordmark" classname="com.menudado.ui.MenuCardUiStateTest" time="0.0"/>
  <testcase name="drawer deja visible parte de la pantalla en moviles" classname="com.menudado.ui.MenuCardUiStateTest" time="0.0"/>
  <system-out><![CDATA[]]></system-out>
  <system-err><![CDATA[]]></system-err>
</testsuite>
