<?xml version="1.0" encoding="UTF-8"?>
<testsuite name="com.menudado.domain.HealthAnalysisParserTest" tests="5" skipped="0" failures="0" errors="0" timestamp="2026-06-05T11:06:08" hostname="NTTD-WTJX6J54P1" time="0.004">
  <properties/>
  <testcase name="parsea analisis por lote asociados por id" classname="com.menudado.domain.HealthAnalysisParserTest" time="0.002"/>
  <testcase name="parsea una respuesta json saludable" classname="com.menudado.domain.HealthAnalysisParserTest" time="0.001"/>
  <testcase name="normaliza estados mejorable y poco saludable" classname="com.menudado.domain.HealthAnalysisParserTest" time="0.0"/>
  <testcase name="usa fallback cuando la respuesta viene mal formada" classname="com.menudado.domain.HealthAnalysisParserTest" time="0.001"/>
  <testcase name="parsea calorias cuando vienen como texto" classname="com.menudado.domain.HealthAnalysisParserTest" time="0.0"/>
  <system-out><![CDATA[]]></system-out>
  <system-err><![CDATA[]]></system-err>
</testsuite>
