<?xml version="1.0" encoding="UTF-8"?>
<testsuite name="com.menudado.domain.DiceSelectorTest" tests="4" skipped="0" failures="0" errors="0" timestamp="2026-06-05T11:06:08" hostname="NTTD-WTJX6J54P1" time="0.002">
  <properties/>
  <testcase name="con filtro solo usa menus del tipo elegido" classname="com.menudado.domain.DiceSelectorTest" time="0.001"/>
  <testcase name="excluye menus que ya salieron hoy" classname="com.menudado.domain.DiceSelectorTest" time="0.0"/>
  <testcase name="devuelve null cuando no hay candidatos para el filtro" classname="com.menudado.domain.DiceSelectorTest" time="0.0"/>
  <testcase name="sin filtro usa todos los menus" classname="com.menudado.domain.DiceSelectorTest" time="0.0"/>
  <system-out><![CDATA[]]></system-out>
  <system-err><![CDATA[]]></system-err>
</testsuite>
