<?xml version="1.0" encoding="UTF-8"?>
<testsuite name="com.menudado.domain.AiFailureClassifierTest" tests="3" skipped="0" failures="0" errors="0" timestamp="2026-06-05T11:06:08" hostname="NTTD-WTJX6J54P1" time="0.001">
  <properties/>
  <testcase name="does not classify generic network failures as quota exceeded" classname="com.menudado.domain.AiFailureClassifierTest" time="0.001"/>
  <testcase name="classifies quota limit type from Gemini messages" classname="com.menudado.domain.AiFailureClassifierTest" time="0.0"/>
  <testcase name="detects quota exceeded messages from Gemini" classname="com.menudado.domain.AiFailureClassifierTest" time="0.0"/>
  <system-out><![CDATA[]]></system-out>
  <system-err><![CDATA[]]></system-err>
</testsuite>
