<?xml version="1.0" encoding="UTF-8"?>
<testsuite name="com.menudado.ui.DiceDragRotationTest" tests="2" skipped="0" failures="0" errors="0" timestamp="2026-06-05T11:06:08" hostname="NTTD-WTJX6J54P1" time="0.001">
  <properties/>
  <testcase name="normaliza angulos para evitar valores acumulados enormes" classname="com.menudado.ui.DiceDragRotationTest" time="0.001"/>
  <testcase name="actualiza la rotacion del dado segun el arrastre del dedo" classname="com.menudado.ui.DiceDragRotationTest" time="0.0"/>
  <system-out><![CDATA[]]></system-out>
  <system-err><![CDATA[]]></system-err>
</testsuite>
